2021-01-02 18:59:38.553  INFO [users-ws,,,] 16904 --- [main] c.c.c.ConfigServicePropertySourceLocator : Fetching config from server at : http://localhost:8012
2021-01-02 18:59:40.996  INFO [users-ws,,,] 16904 --- [main] c.c.c.ConfigServicePropertySourceLocator : Connect Timeout Exception on Url - http://localhost:8012. Will be trying the next url if available
2021-01-02 18:59:40.997  WARN [users-ws,,,] 16904 --- [main] c.c.c.ConfigServicePropertySourceLocator : Could not locate PropertySource: I/O error on GET request for "http://localhost:8012/users-ws/default": Connection refused: connect; nested exception is java.net.ConnectException: Connection refused: connect
2021-01-02 18:59:41.022  INFO [users-ws,,,] 16904 --- [main] a.p.a.u.PhotoAppApiUsersApplicationTests : No active profile set, falling back to default profiles: default
2021-01-02 18:59:44.394  WARN [users-ws,,,] 16904 --- [main] o.s.boot.actuate.endpoint.EndpointId     : Endpoint ID 'bus-env' contains invalid characters, please migrate to a valid format.
2021-01-02 18:59:44.410  WARN [users-ws,,,] 16904 --- [main] o.s.boot.actuate.endpoint.EndpointId     : Endpoint ID 'bus-refresh' contains invalid characters, please migrate to a valid format.
2021-01-02 18:59:45.313  INFO [users-ws,,,] 16904 --- [main] .s.d.r.c.RepositoryConfigurationDelegate : Bootstrapping Spring Data repositories in DEFAULT mode.
2021-01-02 18:59:45.745  INFO [users-ws,,,] 16904 --- [main] .s.d.r.c.RepositoryConfigurationDelegate : Finished Spring Data repository scanning in 403ms. Found 1 repository interfaces.
2021-01-02 18:59:46.194  WARN [users-ws,,,] 16904 --- [main] o.s.boot.actuate.endpoint.EndpointId     : Endpoint ID 'service-registry' contains invalid characters, please migrate to a valid format.
2021-01-02 18:59:46.454  WARN [users-ws,,,] 16904 --- [main] o.s.boot.actuate.endpoint.EndpointId     : Endpoint ID 'hystrix.stream' contains invalid characters, please migrate to a valid format.
2021-01-02 18:59:47.928  INFO [users-ws,,,] 16904 --- [main] o.s.cloud.context.scope.GenericScope     : BeanFactory id=1319bf19-b8c2-32cb-ab47-275cf4a195ce
2021-01-02 18:59:48.266  INFO [users-ws,,,] 16904 --- [main] faultConfiguringBeanFactoryPostProcessor : No bean named 'errorChannel' has been explicitly defined. Therefore, a default PublishSubscribeChannel will be created.
2021-01-02 18:59:48.299  INFO [users-ws,,,] 16904 --- [main] faultConfiguringBeanFactoryPostProcessor : No bean named 'taskScheduler' has been explicitly defined. Therefore, a default ThreadPoolTaskScheduler will be created.
2021-01-02 18:59:48.326  INFO [users-ws,,,] 16904 --- [main] faultConfiguringBeanFactoryPostProcessor : No bean named 'integrationHeaderChannelRegistry' has been explicitly defined. Therefore, a default DefaultHeaderChannelRegistry will be created.
2021-01-02 18:59:49.749  INFO [users-ws,,,] 16904 --- [main] trationDelegate$BeanPostProcessorChecker : Bean 'org.springframework.transaction.annotation.ProxyTransactionManagementConfiguration' of type [org.springframework.transaction.annotation.ProxyTransactionManagementConfiguration$$EnhancerBySpringCGLIB$$37d20dc4] is not eligible for getting processed by all BeanPostProcessors (for example: not eligible for auto-proxying)
2021-01-02 18:59:50.046  INFO [users-ws,,,] 16904 --- [main] trationDelegate$BeanPostProcessorChecker : Bean 'integrationDisposableAutoCreatedBeans' of type [org.springframework.integration.config.annotation.Disposables] is not eligible for getting processed by all BeanPostProcessors (for example: not eligible for auto-proxying)
2021-01-02 18:59:50.257  INFO [users-ws,,,] 16904 --- [main] trationDelegate$BeanPostProcessorChecker : Bean 'org.springframework.integration.config.IntegrationManagementConfiguration' of type [org.springframework.integration.config.IntegrationManagementConfiguration$$EnhancerBySpringCGLIB$$a2c3c8f3] is not eligible for getting processed by all BeanPostProcessors (for example: not eligible for auto-proxying)
2021-01-02 18:59:50.463  INFO [users-ws,,,] 16904 --- [main] trationDelegate$BeanPostProcessorChecker : Bean 'org.springframework.cloud.autoconfigure.ConfigurationPropertiesRebinderAutoConfiguration' of type [org.springframework.cloud.autoconfigure.ConfigurationPropertiesRebinderAutoConfiguration$$EnhancerBySpringCGLIB$$53ec10c1] is not eligible for getting processed by all BeanPostProcessors (for example: not eligible for auto-proxying)
2021-01-02 18:59:53.051  INFO [users-ws,,,] 16904 --- [main] com.zaxxer.hikari.HikariDataSource       : HikariPool-1 - Starting...
2021-01-02 19:00:03.074  INFO [users-ws,,,] 16904 --- [main] com.zaxxer.hikari.HikariDataSource       : HikariPool-1 - Start completed.
2021-01-02 19:00:03.546  INFO [users-ws,,,] 16904 --- [main] o.hibernate.jpa.internal.util.LogHelper  : HHH000204: Processing PersistenceUnitInfo [
	name: default
	...]
2021-01-02 19:00:04.078  INFO [users-ws,,,] 16904 --- [main] org.hibernate.Version                    : HHH000412: Hibernate Core {5.3.9.Final}
2021-01-02 19:00:04.083  INFO [users-ws,,,] 16904 --- [main] org.hibernate.cfg.Environment            : HHH000206: hibernate.properties not found
2021-01-02 19:00:04.792  INFO [users-ws,,,] 16904 --- [main] o.hibernate.annotations.common.Version   : HCANN000001: Hibernate Commons Annotations {5.0.4.Final}
2021-01-02 19:00:05.343  INFO [users-ws,,,] 16904 --- [main] org.hibernate.dialect.Dialect            : HHH000400: Using dialect: org.hibernate.dialect.MySQL5Dialect
2021-01-02 19:00:08.655  INFO [users-ws,,,] 16904 --- [main] j.LocalContainerEntityManagerFactoryBean : Initialized JPA EntityManagerFactory for persistence unit 'default'
2021-01-02 19:00:13.555  WARN [users-ws,,,] 16904 --- [main] c.n.c.sources.URLConfigurationSource     : No URLs will be polled as dynamic configuration sources.
2021-01-02 19:00:13.555  INFO [users-ws,,,] 16904 --- [main] c.n.c.sources.URLConfigurationSource     : To enable URLs as dynamic configuration sources, define System property archaius.configurationSource.additionalUrls or make config.properties available on classpath.
2021-01-02 19:00:13.669  INFO [users-ws,,,] 16904 --- [main] c.netflix.config.DynamicPropertyFactory  : DynamicPropertyFactory is initialized with configuration sources: com.netflix.config.ConcurrentCompositeConfiguration@123426a9
2021-01-02 19:00:14.543  INFO [users-ws,,,] 16904 --- [main] o.s.s.c.ThreadPoolTaskScheduler          : Initializing ExecutorService 'taskScheduler'
2021-01-02 19:00:16.505  INFO [users-ws,,,] 16904 --- [main] o.s.s.web.DefaultSecurityFilterChain     : Creating filter chain: any request, [org.springframework.security.web.context.request.async.WebAsyncManagerIntegrationFilter@1c80f8dd, org.springframework.security.web.context.SecurityContextPersistenceFilter@57063e08, org.springframework.security.web.header.HeaderWriterFilter@272485a6, org.springframework.security.web.authentication.logout.LogoutFilter@1be4f05c, com.appsdeveloperblog.photoapp.api.users.security.AuthenticationFilter@51b2b3e6, org.springframework.security.web.savedrequest.RequestCacheAwareFilter@71842e18, org.springframework.security.web.servletapi.SecurityContextHolderAwareRequestFilter@4bd1b07d, org.springframework.security.web.authentication.AnonymousAuthenticationFilter@20e7152a, org.springframework.security.web.session.SessionManagementFilter@e98adb2, org.springframework.security.web.access.ExceptionTranslationFilter@519a81dd, org.springframework.security.web.access.intercept.FilterSecurityInterceptor@6c569caf]
2021-01-02 19:00:17.911  WARN [users-ws,,,] 16904 --- [main] c.n.c.sources.URLConfigurationSource     : No URLs will be polled as dynamic configuration sources.
2021-01-02 19:00:17.912  INFO [users-ws,,,] 16904 --- [main] c.n.c.sources.URLConfigurationSource     : To enable URLs as dynamic configuration sources, define System property archaius.configurationSource.additionalUrls or make config.properties available on classpath.
2021-01-02 19:00:19.213  INFO [users-ws,,,] 16904 --- [main] o.s.s.concurrent.ThreadPoolTaskExecutor  : Initializing ExecutorService 'applicationTaskExecutor'
2021-01-02 19:00:19.576  WARN [users-ws,,,] 16904 --- [main] aWebConfiguration$JpaWebMvcConfiguration : spring.jpa.open-in-view is enabled by default. Therefore, database queries may be performed during view rendering. Explicitly configure spring.jpa.open-in-view to disable this warning
2021-01-02 19:00:36.453  INFO [users-ws,,,] 16904 --- [main] o.s.b.a.e.web.EndpointLinksResolver      : Exposing 1 endpoint(s) beneath base path '/actuator'
2021-01-02 19:00:49.289  INFO [users-ws,,,] 16904 --- [main] o.s.c.s.m.DirectWithAttributesChannel    : Channel 'application-1.springCloudBusInput' has 1 subscriber(s).
2021-01-02 19:00:49.384  INFO [users-ws,,,] 16904 --- [main] o.s.i.endpoint.EventDrivenConsumer       : Adding {logging-channel-adapter:_org.springframework.integration.errorLogger} as a subscriber to the 'errorChannel' channel
2021-01-02 19:00:49.384  INFO [users-ws,,,] 16904 --- [main] o.s.i.channel.PublishSubscribeChannel    : Channel 'application-1.errorChannel' has 1 subscriber(s).
2021-01-02 19:00:49.384  INFO [users-ws,,,] 16904 --- [main] o.s.i.endpoint.EventDrivenConsumer       : started _org.springframework.integration.errorLogger
2021-01-02 19:00:54.392  INFO [users-ws,,,] 16904 --- [main] c.c.c.ConfigServicePropertySourceLocator : Fetching config from server at : http://localhost:8012
2021-01-02 19:00:56.472  INFO [users-ws,,,] 16904 --- [main] c.c.c.ConfigServicePropertySourceLocator : Connect Timeout Exception on Url - http://localhost:8012. Will be trying the next url if available
2021-01-02 19:00:56.473  WARN [users-ws,,,] 16904 --- [main] c.c.c.ConfigServicePropertySourceLocator : Could not locate PropertySource: I/O error on GET request for "http://localhost:8012/users-ws/default": Connection refused: connect; nested exception is java.net.ConnectException: Connection refused: connect
2021-01-02 19:00:56.836  INFO [users-ws,,,] 16904 --- [main] o.s.a.r.c.CachingConnectionFactory       : Attempting to connect to: [localhost:5672]
2021-01-02 19:00:57.009  INFO [users-ws,,,] 16904 --- [main] o.s.a.r.c.CachingConnectionFactory       : Created new connection: rabbitConnectionFactory#3c6d3ba:0/SimpleConnection@16fa28eb [delegate=amqp://guest@127.0.0.1:5672/, localPort= 57071]
2021-01-02 19:00:57.162  INFO [users-ws,,,] 16904 --- [main] o.s.c.s.m.DirectWithAttributesChannel    : Channel 'application-1.springCloudBusOutput' has 1 subscriber(s).
2021-01-02 19:00:57.336  INFO [users-ws,,,] 16904 --- [main] c.s.b.r.p.RabbitExchangeQueueProvisioner : declaring queue for inbound: springCloudBus.anonymous.jx4xznisRXi0m7KymtCdTQ, bound to: springCloudBus
2021-01-02 19:00:57.447  INFO [users-ws,,,] 16904 --- [main] o.s.c.stream.binder.BinderErrorChannel   : Channel 'application-1.springCloudBus.anonymous.jx4xznisRXi0m7KymtCdTQ.errors' has 1 subscriber(s).
2021-01-02 19:00:57.448  INFO [users-ws,,,] 16904 --- [main] o.s.c.stream.binder.BinderErrorChannel   : Channel 'application-1.springCloudBus.anonymous.jx4xznisRXi0m7KymtCdTQ.errors' has 2 subscriber(s).
2021-01-02 19:00:57.560  INFO [users-ws,,,] 16904 --- [main] o.s.i.a.i.AmqpInboundChannelAdapter      : started inbound.springCloudBus.anonymous.jx4xznisRXi0m7KymtCdTQ
2021-01-02 19:00:57.671  INFO [users-ws,,,] 16904 --- [main] a.p.a.u.PhotoAppApiUsersApplicationTests : Started PhotoAppApiUsersApplicationTests in 94.806 seconds (JVM running for 97.61)
2021-01-02 19:00:57.901  INFO [users-ws,,,] 16904 --- [Thread-7] o.s.c.n.eureka.InstanceInfoFactory       : Setting initial instance status as: STARTING
2021-01-02 19:00:57.912  INFO [users-ws,,,] 16904 --- [Thread-7] o.s.c.n.e.s.EurekaServiceRegistry        : Unregistering application USERS-WS with eureka with status DOWN
2021-01-02 19:00:57.942  INFO [users-ws,,,] 16904 --- [Thread-7] o.s.a.r.l.SimpleMessageListenerContainer : Waiting for workers to finish.
2021-01-02 19:00:58.571  INFO [users-ws,,,] 16904 --- [Thread-7] o.s.a.r.l.SimpleMessageListenerContainer : Successfully waited for workers to finish.
2021-01-02 19:00:58.571  INFO [users-ws,,,] 16904 --- [Thread-7] o.s.i.a.i.AmqpInboundChannelAdapter      : stopped inbound.springCloudBus.anonymous.jx4xznisRXi0m7KymtCdTQ
2021-01-02 19:00:58.576  INFO [users-ws,,,] 16904 --- [Thread-7] o.s.c.stream.binder.BinderErrorChannel   : Channel 'application-1.springCloudBus.anonymous.jx4xznisRXi0m7KymtCdTQ.errors' has 1 subscriber(s).
2021-01-02 19:00:58.577  INFO [users-ws,,,] 16904 --- [Thread-7] o.s.c.stream.binder.BinderErrorChannel   : Channel 'application-1.springCloudBus.anonymous.jx4xznisRXi0m7KymtCdTQ.errors' has 0 subscriber(s).
2021-01-02 19:00:58.592  INFO [users-ws,,,] 16904 --- [Thread-7] o.s.i.endpoint.EventDrivenConsumer       : Removing {logging-channel-adapter:_org.springframework.integration.errorLogger} as a subscriber to the 'errorChannel' channel
2021-01-02 19:00:58.593  INFO [users-ws,,,] 16904 --- [Thread-7] o.s.i.channel.PublishSubscribeChannel    : Channel 'application-1.errorChannel' has 0 subscriber(s).
2021-01-02 19:00:58.594  INFO [users-ws,,,] 16904 --- [Thread-7] o.s.i.endpoint.EventDrivenConsumer       : stopped _org.springframework.integration.errorLogger
2021-01-02 19:00:59.095  WARN [users-ws,,,] 16904 --- [AsyncReporter{org.springframework.cloud.sleuth.zipkin2.sender.RestTemplateSender@25bd68ea}] s.c.a.AnnotationConfigApplicationContext : Exception encountered during context initialization - cancelling refresh attempt: org.springframework.beans.factory.UnsatisfiedDependencyException: Error creating bean with name 'eurekaRibbonClientConfiguration': Unsatisfied dependency expressed through field 'eurekaConfig'; nested exception is org.springframework.beans.factory.BeanCreationNotAllowedException: Error creating bean with name 'eurekaInstanceConfigBean': Singleton bean creation not allowed while singletons of this factory are in destruction (Do not request a bean from a BeanFactory in a destroy method implementation!)
2021-01-02 19:00:59.115  INFO [users-ws,,,] 16904 --- [Thread-7] o.s.s.concurrent.ThreadPoolTaskExecutor  : Shutting down ExecutorService 'applicationTaskExecutor'
2021-01-02 19:00:59.212  INFO [users-ws,,,] 16904 --- [Thread-7] o.s.s.c.ThreadPoolTaskScheduler          : Shutting down ExecutorService 'taskScheduler'
2021-01-02 19:00:59.297  INFO [users-ws,,,] 16904 --- [Thread-7] j.LocalContainerEntityManagerFactoryBean : Closing JPA EntityManagerFactory for persistence unit 'default'
2021-01-02 19:00:59.306  INFO [users-ws,,,] 16904 --- [Thread-7] com.zaxxer.hikari.HikariDataSource       : HikariPool-1 - Shutdown initiated...
2021-01-02 19:00:59.344  INFO [users-ws,,,] 16904 --- [Thread-7] com.zaxxer.hikari.HikariDataSource       : HikariPool-1 - Shutdown completed.
